Arguments: 
  C:\Program Files\nodejs\node.exe C:\Program Files (x86)\Yarn\bin\yarn.js install

PATH: 
  C:\Program Files\Git\mingw64\bin;C:\Program Files\Git\usr\bin;U:\bin;C:\Program Files\Microsoft MPI\Bin;C:\Program Files (x86)\Common Files\Oracle\Java\javapath;C:\ProgramData\Oracle\Java\javapath;C:\WINDOWS\system32;C:\WINDOWS;C:\WINDOWS\System32\Wbem;C:\WINDOWS\System32\WindowsPowerShell\v1.0;C:\Program Files\Common Files\Autodesk Shared;C:\Program Files\Microsoft SQL Server\120\Tools\Binn;C:\Program Files (x86)\Yarn\bin;C:\Program Files\Git\cmd;C:\Program Files\Docker\Docker\resources\bin;C:\ProgramData\DockerDesktop\version-bin;C:\Program Files\nodejs;C:\Program Files\Dell\CommandUpdate;C:\Program Files\Dell\CommandUpdate;C:\Program Files (x86)\Dell\CommandUpdate;C:\Program Files\Dell\CommandUpdate;C:\Program Files\dotnet;C:\Ruby27-x64\bin;C:\ProgramData\Anaconda3;C:\Users\msweeney\AppData\Local\Microsoft\WindowsApps;C:\Users\msweeney\AppData\Local\Programs\Microsoft VS Code\bin;C:\Users\msweeney\AppData\Local\atom\bin;C:\Users\msweeney\AppData\Local\GitHubDesktop\bin;C:\Users\msweeney\AppData\Roaming\npm;C:\Users\msweeney\AppData\Local\Programs\Git\cmd;C:\Users\msweeney\AppData\Local\Microsoft\WindowsApps

Yarn version: 
  1.21.1

Node version: 
  14.18.0

Platform: 
  win32 x64

Trace: 
  Error: https://registry.yarnpkg.com/@material-ui/core/-/core-4.12.4.tgz: ESOCKETTIMEDOUT
      at ClientRequest.<anonymous> (C:\Program Files (x86)\Yarn\lib\cli.js:141292:19)
      at Object.onceWrapper (events.js:519:28)
      at ClientRequest.emit (events.js:400:28)
      at TLSSocket.emitRequestTimeout (_http_client.js:790:9)
      at Object.onceWrapper (events.js:519:28)
      at TLSSocket.emit (events.js:412:35)
      at TLSSocket.Socket._onTimeout (net.js:495:8)
      at listOnTimeout (internal/timers.js:557:17)
      at processTimers (internal/timers.js:500:7)

npm manifest: 
  {
    "name": "app",
    "version": "0.1.0",
    "private": true,
    "dependencies": {
      "@emotion/react": "^11.9.0",
      "@emotion/styled": "^11.8.1",
      "@material-ui/core": "^4.12.3",
      "@material-ui/icons": "^4.11.2",
      "@mui/material": "^5.6.2",
      "@reduxjs/toolkit": "^1.6.2",
      "@testing-library/jest-dom": "^5.11.4",
      "@testing-library/react": "^11.1.0",
      "@testing-library/user-event": "^12.1.10",
      "@types/jest": "^28.1.6",
      "@types/node": "^18.6.1",
      "@types/react": "^18.0.15",
      "@types/react-dom": "^18.0.6",
      "d3": "^7.1.1",
      "immer": "^9.0.12",
      "react": "^17.0.2",
      "react-dom": "^17.0.2",
      "react-number-format": "^4.9.0",
      "react-redux": "^7.2.5",
      "react-scripts": "4.0.3",
      "redux": "^4.1.1",
      "svg-intersections": "^0.4.0",
      "typescript": "^4.7.4",
      "web-vitals": "^1.0.1"
    },
    "scripts": {
      "start": "react-scripts start",
      "build": "react-scripts build",
      "test": "react-scripts test",
      "eject": "react-scripts eject",
      "qq": "git add --all && git commit -m heroku-debug && git push && git push heroku main"
    },
    "eslintConfig": {
      "extends": [
        "react-app",
        "react-app/jest"
      ]
    },
    "browserslist": {
      "production": [
        ">0.2%",
        "not dead",
        "not op_mini all"
      ],
      "development": [
        "last 1 chrome version",
        "last 1 firefox version",
        "last 1 safari version"
      ]
    }
  }

yarn manifest: 
  No manifest

Lockfile: 
  No lockfile
